<?xml version="1.0" encoding="UTF-8"?>
<!-- Generated by org.testng.reporters.JUnitReportReporter -->
<testsuite hostname="ATMECSINDT-003" failures="0" tests="1" name="com.atmecs.telluride.homepage.Homepage" time="0.580" errors="0" timestamp="2020-03-05T15:15:58 IST" skipped="0">
  <testcase classname="com.atmecs.telluride.homepage.Homepage" name="homePage" time="0.580"/>
</testsuite> <!-- com.atmecs.telluride.homepage.Homepage -->
